c:\dev\c++\projects\infinity\infinity\obj\release-windows-x86\vc142.pdb
c:\dev\c++\projects\infinity\infinity\obj\release-windows-x86\camera.obj
c:\dev\c++\projects\infinity\infinity\obj\release-windows-x86\renderer2d.obj
c:\dev\c++\projects\infinity\infinity\obj\release-windows-x86\windowswindow.obj
c:\dev\c++\projects\infinity\infinity\obj\release-windows-x86\windowstexture.obj
c:\dev\c++\projects\infinity\infinity\obj\release-windows-x86\windowsshader.obj
c:\dev\c++\projects\infinity\infinity\obj\release-windows-x86\windowsmodel.obj
c:\dev\c++\projects\infinity\infinity\obj\release-windows-x86\windowscontext.obj
c:\dev\c++\projects\infinity\infinity\obj\release-windows-x86\eventqueue.obj
c:\dev\c++\projects\infinity\infinity\obj\release-windows-x86\event.obj
c:\dev\c++\projects\infinity\infinity\obj\release-windows-x86\window.obj
c:\dev\c++\projects\infinity\infinity\obj\release-windows-x86\vertexlayout.obj
c:\dev\c++\projects\infinity\infinity\obj\release-windows-x86\type.obj
c:\dev\c++\projects\infinity\infinity\obj\release-windows-x86\texture.obj
c:\dev\c++\projects\infinity\infinity\obj\release-windows-x86\shader.obj
c:\dev\c++\projects\infinity\infinity\obj\release-windows-x86\model.obj
c:\dev\c++\projects\infinity\infinity\obj\release-windows-x86\log.obj
c:\dev\c++\projects\infinity\infinity\obj\release-windows-x86\context.obj
c:\dev\c++\projects\infinity\infinity\obj\release-windows-x86\application.obj
c:\dev\c++\projects\infinity\infinity\lib\release-windows-x86\infinity.lib
c:\dev\c++\projects\infinity\infinity\lib\release-windows-x86\infinity.exp
c:\dev\c++\projects\infinity\infinity\lib\release-windows-x86\infinity.dll
c:\dev\c++\projects\infinity\infinity\lib\release-windows-x86\infinity.pdb
c:\dev\c++\projects\infinity\infinity\obj\release-windows-x86\infinity.tlog\cl.command.1.tlog
c:\dev\c++\projects\infinity\infinity\obj\release-windows-x86\infinity.tlog\cl.read.1.tlog
c:\dev\c++\projects\infinity\infinity\obj\release-windows-x86\infinity.tlog\cl.write.1.tlog
c:\dev\c++\projects\infinity\infinity\obj\release-windows-x86\infinity.tlog\infinity.write.1u.tlog
c:\dev\c++\projects\infinity\infinity\obj\release-windows-x86\infinity.tlog\link.command.1.tlog
c:\dev\c++\projects\infinity\infinity\obj\release-windows-x86\infinity.tlog\link.delete.1.tlog
c:\dev\c++\projects\infinity\infinity\obj\release-windows-x86\infinity.tlog\link.read.1.tlog
c:\dev\c++\projects\infinity\infinity\obj\release-windows-x86\infinity.tlog\link.write.1.tlog
