c:\dev\c++\projects\infinity\infinity\obj\debug-windows-x86_64\vc142.pdb
c:\dev\c++\projects\infinity\infinity\obj\debug-windows-x86_64\vc142.idb
c:\dev\c++\projects\infinity\infinity\obj\debug-windows-x86_64\windowswindow.obj
c:\dev\c++\projects\infinity\infinity\obj\debug-windows-x86_64\window.obj
c:\dev\c++\projects\infinity\infinity\obj\debug-windows-x86_64\vertexlayout.obj
c:\dev\c++\projects\infinity\infinity\obj\debug-windows-x86_64\orthocamera.obj
c:\dev\c++\projects\infinity\infinity\obj\debug-windows-x86_64\vector.obj
c:\dev\c++\projects\infinity\infinity\obj\debug-windows-x86_64\transform.obj
c:\dev\c++\projects\infinity\infinity\obj\debug-windows-x86_64\matrix.obj
c:\dev\c++\projects\infinity\infinity\obj\debug-windows-x86_64\type.obj
c:\dev\c++\projects\infinity\infinity\obj\debug-windows-x86_64\shader.obj
c:\dev\c++\projects\infinity\infinity\obj\debug-windows-x86_64\windowsshader.obj
c:\dev\c++\projects\infinity\infinity\obj\debug-windows-x86_64\windowsmodel.obj
c:\dev\c++\projects\infinity\infinity\obj\debug-windows-x86_64\windowscontext.obj
c:\dev\c++\projects\infinity\infinity\obj\debug-windows-x86_64\model.obj
c:\dev\c++\projects\infinity\infinity\obj\debug-windows-x86_64\log.obj
c:\dev\c++\projects\infinity\infinity\obj\debug-windows-x86_64\eventqueue.obj
c:\dev\c++\projects\infinity\infinity\obj\debug-windows-x86_64\event.obj
c:\dev\c++\projects\infinity\infinity\obj\debug-windows-x86_64\context.obj
c:\dev\c++\projects\infinity\infinity\obj\debug-windows-x86_64\application.obj
c:\dev\c++\projects\infinity\infinity\lib\debug-windows-x86_64\infinity.lib
c:\dev\c++\projects\infinity\infinity\lib\debug-windows-x86_64\infinity.exp
c:\dev\c++\projects\infinity\infinity\lib\debug-windows-x86_64\infinity.dll
c:\dev\c++\projects\infinity\infinity\lib\debug-windows-x86_64\infinity.ilk
c:\dev\c++\projects\infinity\infinity\lib\debug-windows-x86_64\infinity.pdb
c:\dev\c++\projects\infinity\infinity\obj\debug-windows-x86_64\infinity.tlog\cl.command.1.tlog
c:\dev\c++\projects\infinity\infinity\obj\debug-windows-x86_64\infinity.tlog\cl.read.1.tlog
c:\dev\c++\projects\infinity\infinity\obj\debug-windows-x86_64\infinity.tlog\cl.write.1.tlog
c:\dev\c++\projects\infinity\infinity\obj\debug-windows-x86_64\infinity.tlog\infinity.write.1u.tlog
c:\dev\c++\projects\infinity\infinity\obj\debug-windows-x86_64\infinity.tlog\link.111016.delete.1.tlog
c:\dev\c++\projects\infinity\infinity\obj\debug-windows-x86_64\infinity.tlog\link.113060.delete.1.tlog
c:\dev\c++\projects\infinity\infinity\obj\debug-windows-x86_64\infinity.tlog\link.36416.delete.1.tlog
c:\dev\c++\projects\infinity\infinity\obj\debug-windows-x86_64\infinity.tlog\link.56912.delete.1.tlog
c:\dev\c++\projects\infinity\infinity\obj\debug-windows-x86_64\infinity.tlog\link.command.1.tlog
c:\dev\c++\projects\infinity\infinity\obj\debug-windows-x86_64\infinity.tlog\link.delete.1.tlog
c:\dev\c++\projects\infinity\infinity\obj\debug-windows-x86_64\infinity.tlog\link.read.1.tlog
c:\dev\c++\projects\infinity\infinity\obj\debug-windows-x86_64\infinity.tlog\link.write.1.tlog
